<?xml version="1.0" encoding="UTF-8"?>
<testng-results total="2" passed="2" failed="0" skipped="0">
  <reporter-output>
  </reporter-output>
  <suite started-at="2023-09-27T10:24:27Z" name="Suite" finished-at="2023-09-27T10:24:27Z" duration-ms="80">
    <groups>
    </groups>
    <test started-at="2023-09-27T10:24:27Z" name="Test" finished-at="2023-09-27T10:24:27Z" duration-ms="80">
      <class name="Test.Testing">
        <test-method signature="workjam1()[pri:1, instance:Test.Testing@332729ad]" started-at="2023-09-27T15:54:27Z" name="workjam1" finished-at="2023-09-27T15:54:27Z" duration-ms="25" status="PASS">
          <reporter-output>
          </reporter-output>
        </test-method> <!-- workjam1 -->
        <test-method signature="workjam2()[pri:2, instance:Test.Testing@332729ad]" started-at="2023-09-27T15:54:27Z" name="workjam2" finished-at="2023-09-27T15:54:27Z" duration-ms="13" status="PASS">
          <reporter-output>
          </reporter-output>
        </test-method> <!-- workjam2 -->
      </class> <!-- Test.Testing -->
    </test> <!-- Test -->
  </suite> <!-- Suite -->
</testng-results>
